ARM GAS  C:\Users\huawei\AppData\Local\Temp\ccEUqgAh.s 			page 1


   1              		.cpu cortex-m4
   2              		.arch armv7e-m
   3              		.fpu fpv4-sp-d16
   4              		.eabi_attribute 27, 1
   5              		.eabi_attribute 28, 1
   6              		.eabi_attribute 20, 1
   7              		.eabi_attribute 21, 1
   8              		.eabi_attribute 23, 3
   9              		.eabi_attribute 24, 1
  10              		.eabi_attribute 25, 1
  11              		.eabi_attribute 26, 1
  12              		.eabi_attribute 30, 1
  13              		.eabi_attribute 34, 1
  14              		.eabi_attribute 18, 4
  15              		.file	"stm32f4xx_it.cpp"
  16              		.text
  17              	.Ltext0:
  18              		.cfi_sections	.debug_frame
  19              		.file 1 "Core/Src/stm32f4xx_it.cpp"
  20              		.section	.text.NMI_Handler,"ax",%progbits
  21              		.align	1
  22              		.global	NMI_Handler
  23              		.syntax unified
  24              		.thumb
  25              		.thumb_func
  27              	NMI_Handler:
  28              		.fnstart
  29              	.LFB235:
   1:Core/Src/stm32f4xx_it.cpp **** /* USER CODE BEGIN Header */
   2:Core/Src/stm32f4xx_it.cpp **** /**
   3:Core/Src/stm32f4xx_it.cpp ****   ******************************************************************************
   4:Core/Src/stm32f4xx_it.cpp ****   * @file    stm32f4xx_it.c
   5:Core/Src/stm32f4xx_it.cpp ****   * @brief   Interrupt Service Routines.
   6:Core/Src/stm32f4xx_it.cpp ****   ******************************************************************************
   7:Core/Src/stm32f4xx_it.cpp ****   * @attention
   8:Core/Src/stm32f4xx_it.cpp ****   *
   9:Core/Src/stm32f4xx_it.cpp ****   * Copyright (c) 2024 STMicroelectronics.
  10:Core/Src/stm32f4xx_it.cpp ****   * All rights reserved.
  11:Core/Src/stm32f4xx_it.cpp ****   *
  12:Core/Src/stm32f4xx_it.cpp ****   * This software is licensed under terms that can be found in the LICENSE file
  13:Core/Src/stm32f4xx_it.cpp ****   * in the root directory of this software component.
  14:Core/Src/stm32f4xx_it.cpp ****   * If no LICENSE file comes with this software, it is provided AS-IS.
  15:Core/Src/stm32f4xx_it.cpp ****   *
  16:Core/Src/stm32f4xx_it.cpp ****   ******************************************************************************
  17:Core/Src/stm32f4xx_it.cpp ****   */
  18:Core/Src/stm32f4xx_it.cpp **** /* USER CODE END Header */
  19:Core/Src/stm32f4xx_it.cpp **** 
  20:Core/Src/stm32f4xx_it.cpp **** /* Includes ------------------------------------------------------------------*/
  21:Core/Src/stm32f4xx_it.cpp **** #include "main.h"
  22:Core/Src/stm32f4xx_it.cpp **** #include "stm32f4xx_it.h"
  23:Core/Src/stm32f4xx_it.cpp **** /* Private includes ----------------------------------------------------------*/
  24:Core/Src/stm32f4xx_it.cpp **** /* USER CODE BEGIN Includes */
  25:Core/Src/stm32f4xx_it.cpp **** /* USER CODE END Includes */
  26:Core/Src/stm32f4xx_it.cpp **** 
  27:Core/Src/stm32f4xx_it.cpp **** /* Private typedef -----------------------------------------------------------*/
  28:Core/Src/stm32f4xx_it.cpp **** /* USER CODE BEGIN TD */
  29:Core/Src/stm32f4xx_it.cpp **** 
ARM GAS  C:\Users\huawei\AppData\Local\Temp\ccEUqgAh.s 			page 2


  30:Core/Src/stm32f4xx_it.cpp **** /* USER CODE END TD */
  31:Core/Src/stm32f4xx_it.cpp **** 
  32:Core/Src/stm32f4xx_it.cpp **** /* Private define ------------------------------------------------------------*/
  33:Core/Src/stm32f4xx_it.cpp **** /* USER CODE BEGIN PD */
  34:Core/Src/stm32f4xx_it.cpp **** 
  35:Core/Src/stm32f4xx_it.cpp **** /* USER CODE END PD */
  36:Core/Src/stm32f4xx_it.cpp **** 
  37:Core/Src/stm32f4xx_it.cpp **** /* Private macro -------------------------------------------------------------*/
  38:Core/Src/stm32f4xx_it.cpp **** /* USER CODE BEGIN PM */
  39:Core/Src/stm32f4xx_it.cpp **** 
  40:Core/Src/stm32f4xx_it.cpp **** /* USER CODE END PM */
  41:Core/Src/stm32f4xx_it.cpp **** 
  42:Core/Src/stm32f4xx_it.cpp **** /* Private variables ---------------------------------------------------------*/
  43:Core/Src/stm32f4xx_it.cpp **** /* USER CODE BEGIN PV */
  44:Core/Src/stm32f4xx_it.cpp **** 
  45:Core/Src/stm32f4xx_it.cpp **** /* USER CODE END PV */
  46:Core/Src/stm32f4xx_it.cpp **** 
  47:Core/Src/stm32f4xx_it.cpp **** /* Private function prototypes -----------------------------------------------*/
  48:Core/Src/stm32f4xx_it.cpp **** /* USER CODE BEGIN PFP */
  49:Core/Src/stm32f4xx_it.cpp **** 
  50:Core/Src/stm32f4xx_it.cpp **** /* USER CODE END PFP */
  51:Core/Src/stm32f4xx_it.cpp **** 
  52:Core/Src/stm32f4xx_it.cpp **** /* Private user code ---------------------------------------------------------*/
  53:Core/Src/stm32f4xx_it.cpp **** /* USER CODE BEGIN 0 */
  54:Core/Src/stm32f4xx_it.cpp **** 
  55:Core/Src/stm32f4xx_it.cpp **** /* USER CODE END 0 */
  56:Core/Src/stm32f4xx_it.cpp **** 
  57:Core/Src/stm32f4xx_it.cpp **** /* External variables --------------------------------------------------------*/
  58:Core/Src/stm32f4xx_it.cpp **** extern DMA_HandleTypeDef hdma_adc1;
  59:Core/Src/stm32f4xx_it.cpp **** extern ADC_HandleTypeDef hadc1;
  60:Core/Src/stm32f4xx_it.cpp **** /* USER CODE BEGIN EV */
  61:Core/Src/stm32f4xx_it.cpp **** 
  62:Core/Src/stm32f4xx_it.cpp **** /* USER CODE END EV */
  63:Core/Src/stm32f4xx_it.cpp **** 
  64:Core/Src/stm32f4xx_it.cpp **** /******************************************************************************/
  65:Core/Src/stm32f4xx_it.cpp **** /*           Cortex-M4 Processor Interruption and Exception Handlers          */
  66:Core/Src/stm32f4xx_it.cpp **** /******************************************************************************/
  67:Core/Src/stm32f4xx_it.cpp **** /**
  68:Core/Src/stm32f4xx_it.cpp ****   * @brief This function handles Non maskable interrupt.
  69:Core/Src/stm32f4xx_it.cpp ****   */
  70:Core/Src/stm32f4xx_it.cpp **** void NMI_Handler(void)
  71:Core/Src/stm32f4xx_it.cpp **** {
  30              		.loc 1 71 1 view -0
  31              		.cfi_startproc
  32              		@ Volatile: function does not return.
  33              		@ args = 0, pretend = 0, frame = 0
  34              		@ frame_needed = 0, uses_anonymous_args = 0
  35              		@ link register save eliminated.
  36              	.L2:
  72:Core/Src/stm32f4xx_it.cpp ****   /* USER CODE BEGIN NonMaskableInt_IRQn 0 */
  73:Core/Src/stm32f4xx_it.cpp **** 
  74:Core/Src/stm32f4xx_it.cpp ****   /* USER CODE END NonMaskableInt_IRQn 0 */
  75:Core/Src/stm32f4xx_it.cpp ****   /* USER CODE BEGIN NonMaskableInt_IRQn 1 */
  76:Core/Src/stm32f4xx_it.cpp ****   while (1)
  37              		.loc 1 76 3 discriminator 1 view .LVU1
  38              		.loc 1 76 3 discriminator 1 view .LVU2
  39 0000 FEE7     		b	.L2
ARM GAS  C:\Users\huawei\AppData\Local\Temp\ccEUqgAh.s 			page 3


  40              		.cfi_endproc
  41              	.LFE235:
  42              		.cantunwind
  43              		.fnend
  45              		.section	.text.HardFault_Handler,"ax",%progbits
  46              		.align	1
  47              		.global	HardFault_Handler
  48              		.syntax unified
  49              		.thumb
  50              		.thumb_func
  52              	HardFault_Handler:
  53              		.fnstart
  54              	.LFB236:
  77:Core/Src/stm32f4xx_it.cpp ****   {
  78:Core/Src/stm32f4xx_it.cpp ****   }
  79:Core/Src/stm32f4xx_it.cpp ****   /* USER CODE END NonMaskableInt_IRQn 1 */
  80:Core/Src/stm32f4xx_it.cpp **** }
  81:Core/Src/stm32f4xx_it.cpp **** 
  82:Core/Src/stm32f4xx_it.cpp **** /**
  83:Core/Src/stm32f4xx_it.cpp ****   * @brief This function handles Hard fault interrupt.
  84:Core/Src/stm32f4xx_it.cpp ****   */
  85:Core/Src/stm32f4xx_it.cpp **** void HardFault_Handler(void)
  86:Core/Src/stm32f4xx_it.cpp **** {
  55              		.loc 1 86 1 view -0
  56              		.cfi_startproc
  57              		@ Volatile: function does not return.
  58              		@ args = 0, pretend = 0, frame = 0
  59              		@ frame_needed = 0, uses_anonymous_args = 0
  60              		@ link register save eliminated.
  61              	.L4:
  87:Core/Src/stm32f4xx_it.cpp ****   /* USER CODE BEGIN HardFault_IRQn 0 */
  88:Core/Src/stm32f4xx_it.cpp **** 
  89:Core/Src/stm32f4xx_it.cpp ****   /* USER CODE END HardFault_IRQn 0 */
  90:Core/Src/stm32f4xx_it.cpp ****   while (1)
  62              		.loc 1 90 3 discriminator 1 view .LVU4
  63              		.loc 1 90 3 discriminator 1 view .LVU5
  64 0000 FEE7     		b	.L4
  65              		.cfi_endproc
  66              	.LFE236:
  67              		.cantunwind
  68              		.fnend
  70              		.section	.text.MemManage_Handler,"ax",%progbits
  71              		.align	1
  72              		.global	MemManage_Handler
  73              		.syntax unified
  74              		.thumb
  75              		.thumb_func
  77              	MemManage_Handler:
  78              		.fnstart
  79              	.LFB237:
  91:Core/Src/stm32f4xx_it.cpp ****   {
  92:Core/Src/stm32f4xx_it.cpp ****     /* USER CODE BEGIN W1_HardFault_IRQn 0 */
  93:Core/Src/stm32f4xx_it.cpp ****     /* USER CODE END W1_HardFault_IRQn 0 */
  94:Core/Src/stm32f4xx_it.cpp ****   }
  95:Core/Src/stm32f4xx_it.cpp **** }
  96:Core/Src/stm32f4xx_it.cpp **** 
  97:Core/Src/stm32f4xx_it.cpp **** /**
ARM GAS  C:\Users\huawei\AppData\Local\Temp\ccEUqgAh.s 			page 4


  98:Core/Src/stm32f4xx_it.cpp ****   * @brief This function handles Memory management fault.
  99:Core/Src/stm32f4xx_it.cpp ****   */
 100:Core/Src/stm32f4xx_it.cpp **** void MemManage_Handler(void)
 101:Core/Src/stm32f4xx_it.cpp **** {
  80              		.loc 1 101 1 view -0
  81              		.cfi_startproc
  82              		@ Volatile: function does not return.
  83              		@ args = 0, pretend = 0, frame = 0
  84              		@ frame_needed = 0, uses_anonymous_args = 0
  85              		@ link register save eliminated.
  86              	.L6:
 102:Core/Src/stm32f4xx_it.cpp ****   /* USER CODE BEGIN MemoryManagement_IRQn 0 */
 103:Core/Src/stm32f4xx_it.cpp **** 
 104:Core/Src/stm32f4xx_it.cpp ****   /* USER CODE END MemoryManagement_IRQn 0 */
 105:Core/Src/stm32f4xx_it.cpp ****   while (1)
  87              		.loc 1 105 3 discriminator 1 view .LVU7
  88              		.loc 1 105 3 discriminator 1 view .LVU8
  89 0000 FEE7     		b	.L6
  90              		.cfi_endproc
  91              	.LFE237:
  92              		.cantunwind
  93              		.fnend
  95              		.section	.text.BusFault_Handler,"ax",%progbits
  96              		.align	1
  97              		.global	BusFault_Handler
  98              		.syntax unified
  99              		.thumb
 100              		.thumb_func
 102              	BusFault_Handler:
 103              		.fnstart
 104              	.LFB238:
 106:Core/Src/stm32f4xx_it.cpp ****   {
 107:Core/Src/stm32f4xx_it.cpp ****     /* USER CODE BEGIN W1_MemoryManagement_IRQn 0 */
 108:Core/Src/stm32f4xx_it.cpp ****     /* USER CODE END W1_MemoryManagement_IRQn 0 */
 109:Core/Src/stm32f4xx_it.cpp ****   }
 110:Core/Src/stm32f4xx_it.cpp **** }
 111:Core/Src/stm32f4xx_it.cpp **** 
 112:Core/Src/stm32f4xx_it.cpp **** /**
 113:Core/Src/stm32f4xx_it.cpp ****   * @brief This function handles Pre-fetch fault, memory access fault.
 114:Core/Src/stm32f4xx_it.cpp ****   */
 115:Core/Src/stm32f4xx_it.cpp **** void BusFault_Handler(void)
 116:Core/Src/stm32f4xx_it.cpp **** {
 105              		.loc 1 116 1 view -0
 106              		.cfi_startproc
 107              		@ Volatile: function does not return.
 108              		@ args = 0, pretend = 0, frame = 0
 109              		@ frame_needed = 0, uses_anonymous_args = 0
 110              		@ link register save eliminated.
 111              	.L8:
 117:Core/Src/stm32f4xx_it.cpp ****   /* USER CODE BEGIN BusFault_IRQn 0 */
 118:Core/Src/stm32f4xx_it.cpp **** 
 119:Core/Src/stm32f4xx_it.cpp ****   /* USER CODE END BusFault_IRQn 0 */
 120:Core/Src/stm32f4xx_it.cpp ****   while (1)
 112              		.loc 1 120 3 discriminator 1 view .LVU10
 113              		.loc 1 120 3 discriminator 1 view .LVU11
 114 0000 FEE7     		b	.L8
 115              		.cfi_endproc
ARM GAS  C:\Users\huawei\AppData\Local\Temp\ccEUqgAh.s 			page 5


 116              	.LFE238:
 117              		.cantunwind
 118              		.fnend
 120              		.section	.text.UsageFault_Handler,"ax",%progbits
 121              		.align	1
 122              		.global	UsageFault_Handler
 123              		.syntax unified
 124              		.thumb
 125              		.thumb_func
 127              	UsageFault_Handler:
 128              		.fnstart
 129              	.LFB239:
 121:Core/Src/stm32f4xx_it.cpp ****   {
 122:Core/Src/stm32f4xx_it.cpp ****     /* USER CODE BEGIN W1_BusFault_IRQn 0 */
 123:Core/Src/stm32f4xx_it.cpp ****     /* USER CODE END W1_BusFault_IRQn 0 */
 124:Core/Src/stm32f4xx_it.cpp ****   }
 125:Core/Src/stm32f4xx_it.cpp **** }
 126:Core/Src/stm32f4xx_it.cpp **** 
 127:Core/Src/stm32f4xx_it.cpp **** /**
 128:Core/Src/stm32f4xx_it.cpp ****   * @brief This function handles Undefined instruction or illegal state.
 129:Core/Src/stm32f4xx_it.cpp ****   */
 130:Core/Src/stm32f4xx_it.cpp **** void UsageFault_Handler(void)
 131:Core/Src/stm32f4xx_it.cpp **** {
 130              		.loc 1 131 1 view -0
 131              		.cfi_startproc
 132              		@ Volatile: function does not return.
 133              		@ args = 0, pretend = 0, frame = 0
 134              		@ frame_needed = 0, uses_anonymous_args = 0
 135              		@ link register save eliminated.
 136              	.L10:
 132:Core/Src/stm32f4xx_it.cpp ****   /* USER CODE BEGIN UsageFault_IRQn 0 */
 133:Core/Src/stm32f4xx_it.cpp **** 
 134:Core/Src/stm32f4xx_it.cpp ****   /* USER CODE END UsageFault_IRQn 0 */
 135:Core/Src/stm32f4xx_it.cpp ****   while (1)
 137              		.loc 1 135 3 discriminator 1 view .LVU13
 138              		.loc 1 135 3 discriminator 1 view .LVU14
 139 0000 FEE7     		b	.L10
 140              		.cfi_endproc
 141              	.LFE239:
 142              		.cantunwind
 143              		.fnend
 145              		.section	.text.SVC_Handler,"ax",%progbits
 146              		.align	1
 147              		.global	SVC_Handler
 148              		.syntax unified
 149              		.thumb
 150              		.thumb_func
 152              	SVC_Handler:
 153              		.fnstart
 154              	.LFB240:
 136:Core/Src/stm32f4xx_it.cpp ****   {
 137:Core/Src/stm32f4xx_it.cpp ****     /* USER CODE BEGIN W1_UsageFault_IRQn 0 */
 138:Core/Src/stm32f4xx_it.cpp ****     /* USER CODE END W1_UsageFault_IRQn 0 */
 139:Core/Src/stm32f4xx_it.cpp ****   }
 140:Core/Src/stm32f4xx_it.cpp **** }
 141:Core/Src/stm32f4xx_it.cpp **** 
 142:Core/Src/stm32f4xx_it.cpp **** /**
ARM GAS  C:\Users\huawei\AppData\Local\Temp\ccEUqgAh.s 			page 6


 143:Core/Src/stm32f4xx_it.cpp ****   * @brief This function handles System service call via SWI instruction.
 144:Core/Src/stm32f4xx_it.cpp ****   */
 145:Core/Src/stm32f4xx_it.cpp **** void SVC_Handler(void)
 146:Core/Src/stm32f4xx_it.cpp **** {
 155              		.loc 1 146 1 view -0
 156              		.cfi_startproc
 157              		@ args = 0, pretend = 0, frame = 0
 158              		@ frame_needed = 0, uses_anonymous_args = 0
 159              		@ link register save eliminated.
 147:Core/Src/stm32f4xx_it.cpp ****   /* USER CODE BEGIN SVCall_IRQn 0 */
 148:Core/Src/stm32f4xx_it.cpp **** 
 149:Core/Src/stm32f4xx_it.cpp ****   /* USER CODE END SVCall_IRQn 0 */
 150:Core/Src/stm32f4xx_it.cpp ****   /* USER CODE BEGIN SVCall_IRQn 1 */
 151:Core/Src/stm32f4xx_it.cpp **** 
 152:Core/Src/stm32f4xx_it.cpp ****   /* USER CODE END SVCall_IRQn 1 */
 153:Core/Src/stm32f4xx_it.cpp **** }
 160              		.loc 1 153 1 is_stmt 0 view .LVU16
 161 0000 7047     		bx	lr
 162              		.cfi_endproc
 163              	.LFE240:
 164              		.cantunwind
 165              		.fnend
 167              		.section	.text.DebugMon_Handler,"ax",%progbits
 168              		.align	1
 169              		.global	DebugMon_Handler
 170              		.syntax unified
 171              		.thumb
 172              		.thumb_func
 174              	DebugMon_Handler:
 175              		.fnstart
 176              	.LFB241:
 154:Core/Src/stm32f4xx_it.cpp **** 
 155:Core/Src/stm32f4xx_it.cpp **** /**
 156:Core/Src/stm32f4xx_it.cpp ****   * @brief This function handles Debug monitor.
 157:Core/Src/stm32f4xx_it.cpp ****   */
 158:Core/Src/stm32f4xx_it.cpp **** void DebugMon_Handler(void)
 159:Core/Src/stm32f4xx_it.cpp **** {
 177              		.loc 1 159 1 is_stmt 1 view -0
 178              		.cfi_startproc
 179              		@ args = 0, pretend = 0, frame = 0
 180              		@ frame_needed = 0, uses_anonymous_args = 0
 181              		@ link register save eliminated.
 160:Core/Src/stm32f4xx_it.cpp ****   /* USER CODE BEGIN DebugMonitor_IRQn 0 */
 161:Core/Src/stm32f4xx_it.cpp **** 
 162:Core/Src/stm32f4xx_it.cpp ****   /* USER CODE END DebugMonitor_IRQn 0 */
 163:Core/Src/stm32f4xx_it.cpp ****   /* USER CODE BEGIN DebugMonitor_IRQn 1 */
 164:Core/Src/stm32f4xx_it.cpp **** 
 165:Core/Src/stm32f4xx_it.cpp ****   /* USER CODE END DebugMonitor_IRQn 1 */
 166:Core/Src/stm32f4xx_it.cpp **** }
 182              		.loc 1 166 1 is_stmt 0 view .LVU18
 183 0000 7047     		bx	lr
 184              		.cfi_endproc
 185              	.LFE241:
 186              		.cantunwind
 187              		.fnend
 189              		.section	.text.PendSV_Handler,"ax",%progbits
 190              		.align	1
ARM GAS  C:\Users\huawei\AppData\Local\Temp\ccEUqgAh.s 			page 7


 191              		.global	PendSV_Handler
 192              		.syntax unified
 193              		.thumb
 194              		.thumb_func
 196              	PendSV_Handler:
 197              		.fnstart
 198              	.LFB242:
 167:Core/Src/stm32f4xx_it.cpp **** 
 168:Core/Src/stm32f4xx_it.cpp **** /**
 169:Core/Src/stm32f4xx_it.cpp ****   * @brief This function handles Pendable request for system service.
 170:Core/Src/stm32f4xx_it.cpp ****   */
 171:Core/Src/stm32f4xx_it.cpp **** void PendSV_Handler(void)
 172:Core/Src/stm32f4xx_it.cpp **** {
 199              		.loc 1 172 1 is_stmt 1 view -0
 200              		.cfi_startproc
 201              		@ args = 0, pretend = 0, frame = 0
 202              		@ frame_needed = 0, uses_anonymous_args = 0
 203              		@ link register save eliminated.
 173:Core/Src/stm32f4xx_it.cpp ****   /* USER CODE BEGIN PendSV_IRQn 0 */
 174:Core/Src/stm32f4xx_it.cpp **** 
 175:Core/Src/stm32f4xx_it.cpp ****   /* USER CODE END PendSV_IRQn 0 */
 176:Core/Src/stm32f4xx_it.cpp ****   /* USER CODE BEGIN PendSV_IRQn 1 */
 177:Core/Src/stm32f4xx_it.cpp **** 
 178:Core/Src/stm32f4xx_it.cpp ****   /* USER CODE END PendSV_IRQn 1 */
 179:Core/Src/stm32f4xx_it.cpp **** }
 204              		.loc 1 179 1 is_stmt 0 view .LVU20
 205 0000 7047     		bx	lr
 206              		.cfi_endproc
 207              	.LFE242:
 208              		.cantunwind
 209              		.fnend
 211              		.section	.text.SysTick_Handler,"ax",%progbits
 212              		.align	1
 213              		.global	SysTick_Handler
 214              		.syntax unified
 215              		.thumb
 216              		.thumb_func
 218              	SysTick_Handler:
 219              		.fnstart
 220              	.LFB243:
 180:Core/Src/stm32f4xx_it.cpp **** 
 181:Core/Src/stm32f4xx_it.cpp **** /**
 182:Core/Src/stm32f4xx_it.cpp ****   * @brief This function handles System tick timer.
 183:Core/Src/stm32f4xx_it.cpp ****   */
 184:Core/Src/stm32f4xx_it.cpp **** void SysTick_Handler(void)
 185:Core/Src/stm32f4xx_it.cpp **** {
 221              		.loc 1 185 1 is_stmt 1 view -0
 222              		.cfi_startproc
 223              		@ args = 0, pretend = 0, frame = 0
 224              		@ frame_needed = 0, uses_anonymous_args = 0
 225 0000 08B5     		push	{r3, lr}
 226              		.save {r3, lr}
 227              	.LCFI0:
 228              		.cfi_def_cfa_offset 8
 229              		.cfi_offset 3, -8
 230              		.cfi_offset 14, -4
 186:Core/Src/stm32f4xx_it.cpp ****   /* USER CODE BEGIN SysTick_IRQn 0 */
ARM GAS  C:\Users\huawei\AppData\Local\Temp\ccEUqgAh.s 			page 8


 187:Core/Src/stm32f4xx_it.cpp **** 
 188:Core/Src/stm32f4xx_it.cpp ****   /* USER CODE END SysTick_IRQn 0 */
 189:Core/Src/stm32f4xx_it.cpp ****   HAL_IncTick();
 231              		.loc 1 189 3 view .LVU22
 232              		.loc 1 189 14 is_stmt 0 view .LVU23
 233 0002 FFF7FEFF 		bl	HAL_IncTick
 234              	.LVL0:
 190:Core/Src/stm32f4xx_it.cpp ****   /* USER CODE BEGIN SysTick_IRQn 1 */
 191:Core/Src/stm32f4xx_it.cpp **** 
 192:Core/Src/stm32f4xx_it.cpp ****   /* USER CODE END SysTick_IRQn 1 */
 193:Core/Src/stm32f4xx_it.cpp **** }
 235              		.loc 1 193 1 view .LVU24
 236 0006 08BD     		pop	{r3, pc}
 237              		.cfi_endproc
 238              	.LFE243:
 239              		.fnend
 241              		.section	.text.ADC_IRQHandler,"ax",%progbits
 242              		.align	1
 243              		.global	ADC_IRQHandler
 244              		.syntax unified
 245              		.thumb
 246              		.thumb_func
 248              	ADC_IRQHandler:
 249              		.fnstart
 250              	.LFB244:
 194:Core/Src/stm32f4xx_it.cpp **** 
 195:Core/Src/stm32f4xx_it.cpp **** /******************************************************************************/
 196:Core/Src/stm32f4xx_it.cpp **** /* STM32F4xx Peripheral Interrupt Handlers                                    */
 197:Core/Src/stm32f4xx_it.cpp **** /* Add here the Interrupt Handlers for the used peripherals.                  */
 198:Core/Src/stm32f4xx_it.cpp **** /* For the available peripheral interrupt handler names,                      */
 199:Core/Src/stm32f4xx_it.cpp **** /* please refer to the startup file (startup_stm32f4xx.s).                    */
 200:Core/Src/stm32f4xx_it.cpp **** /******************************************************************************/
 201:Core/Src/stm32f4xx_it.cpp **** 
 202:Core/Src/stm32f4xx_it.cpp **** /**
 203:Core/Src/stm32f4xx_it.cpp ****   * @brief This function handles ADC1, ADC2 and ADC3 interrupts.
 204:Core/Src/stm32f4xx_it.cpp ****   */
 205:Core/Src/stm32f4xx_it.cpp **** void ADC_IRQHandler(void)
 206:Core/Src/stm32f4xx_it.cpp **** {
 251              		.loc 1 206 1 is_stmt 1 view -0
 252              		.cfi_startproc
 253              		@ args = 0, pretend = 0, frame = 0
 254              		@ frame_needed = 0, uses_anonymous_args = 0
 255 0000 08B5     		push	{r3, lr}
 256              		.save {r3, lr}
 257              	.LCFI1:
 258              		.cfi_def_cfa_offset 8
 259              		.cfi_offset 3, -8
 260              		.cfi_offset 14, -4
 207:Core/Src/stm32f4xx_it.cpp ****   /* USER CODE BEGIN ADC_IRQn 0 */
 208:Core/Src/stm32f4xx_it.cpp **** 
 209:Core/Src/stm32f4xx_it.cpp ****   /* USER CODE END ADC_IRQn 0 */
 210:Core/Src/stm32f4xx_it.cpp ****   HAL_ADC_IRQHandler(&hadc1);
 261              		.loc 1 210 3 view .LVU26
 262              		.loc 1 210 21 is_stmt 0 view .LVU27
 263 0002 0248     		ldr	r0, .L18
 264 0004 FFF7FEFF 		bl	HAL_ADC_IRQHandler
 265              	.LVL1:
ARM GAS  C:\Users\huawei\AppData\Local\Temp\ccEUqgAh.s 			page 9


 211:Core/Src/stm32f4xx_it.cpp ****   /* USER CODE BEGIN ADC_IRQn 1 */
 212:Core/Src/stm32f4xx_it.cpp **** 
 213:Core/Src/stm32f4xx_it.cpp ****   /* USER CODE END ADC_IRQn 1 */
 214:Core/Src/stm32f4xx_it.cpp **** }
 266              		.loc 1 214 1 view .LVU28
 267 0008 08BD     		pop	{r3, pc}
 268              	.L19:
 269 000a 00BF     		.align	2
 270              	.L18:
 271 000c 00000000 		.word	hadc1
 272              		.cfi_endproc
 273              	.LFE244:
 274              		.fnend
 276              		.section	.text.DMA2_Stream0_IRQHandler,"ax",%progbits
 277              		.align	1
 278              		.global	DMA2_Stream0_IRQHandler
 279              		.syntax unified
 280              		.thumb
 281              		.thumb_func
 283              	DMA2_Stream0_IRQHandler:
 284              		.fnstart
 285              	.LFB245:
 215:Core/Src/stm32f4xx_it.cpp **** 
 216:Core/Src/stm32f4xx_it.cpp **** /**
 217:Core/Src/stm32f4xx_it.cpp ****   * @brief This function handles DMA2 stream0 global interrupt.
 218:Core/Src/stm32f4xx_it.cpp ****   */
 219:Core/Src/stm32f4xx_it.cpp **** void DMA2_Stream0_IRQHandler(void)
 220:Core/Src/stm32f4xx_it.cpp **** {
 286              		.loc 1 220 1 is_stmt 1 view -0
 287              		.cfi_startproc
 288              		@ args = 0, pretend = 0, frame = 0
 289              		@ frame_needed = 0, uses_anonymous_args = 0
 290 0000 08B5     		push	{r3, lr}
 291              		.save {r3, lr}
 292              	.LCFI2:
 293              		.cfi_def_cfa_offset 8
 294              		.cfi_offset 3, -8
 295              		.cfi_offset 14, -4
 221:Core/Src/stm32f4xx_it.cpp ****   /* USER CODE BEGIN DMA2_Stream0_IRQn 0 */
 222:Core/Src/stm32f4xx_it.cpp **** 
 223:Core/Src/stm32f4xx_it.cpp ****   /* USER CODE END DMA2_Stream0_IRQn 0 */
 224:Core/Src/stm32f4xx_it.cpp ****   HAL_DMA_IRQHandler(&hdma_adc1);
 296              		.loc 1 224 3 view .LVU30
 297              		.loc 1 224 21 is_stmt 0 view .LVU31
 298 0002 0248     		ldr	r0, .L22
 299 0004 FFF7FEFF 		bl	HAL_DMA_IRQHandler
 300              	.LVL2:
 225:Core/Src/stm32f4xx_it.cpp ****   /* USER CODE BEGIN DMA2_Stream0_IRQn 1 */
 226:Core/Src/stm32f4xx_it.cpp **** 
 227:Core/Src/stm32f4xx_it.cpp ****   /* USER CODE END DMA2_Stream0_IRQn 1 */
 228:Core/Src/stm32f4xx_it.cpp **** }
 301              		.loc 1 228 1 view .LVU32
 302 0008 08BD     		pop	{r3, pc}
 303              	.L23:
 304 000a 00BF     		.align	2
 305              	.L22:
 306 000c 00000000 		.word	hdma_adc1
ARM GAS  C:\Users\huawei\AppData\Local\Temp\ccEUqgAh.s 			page 10


 307              		.cfi_endproc
 308              	.LFE245:
 309              		.fnend
 311              		.text
 312              	.Letext0:
 313              		.file 2 "c:\\users\\huawei\\desktop\\workspace\\stm32\\vs code tools\\arm-gnu-toolchain-12.2.rel1-
 314              		.file 3 "c:\\users\\huawei\\desktop\\workspace\\stm32\\vs code tools\\arm-gnu-toolchain-12.2.rel1-
 315              		.file 4 "Drivers/CMSIS/Device/ST/STM32F4xx/Include/stm32f446xx.h"
 316              		.file 5 "Drivers/CMSIS/Device/ST/STM32F4xx/Include/stm32f4xx.h"
 317              		.file 6 "Drivers/STM32F4xx_HAL_Driver/Inc/stm32f4xx_hal_def.h"
 318              		.file 7 "Drivers/STM32F4xx_HAL_Driver/Inc/stm32f4xx_hal_dma.h"
 319              		.file 8 "Drivers/STM32F4xx_HAL_Driver/Inc/stm32f4xx_hal_adc.h"
 320              		.file 9 "Drivers/STM32F4xx_HAL_Driver/Inc/stm32f4xx_hal.h"
ARM GAS  C:\Users\huawei\AppData\Local\Temp\ccEUqgAh.s 			page 11


DEFINED SYMBOLS
                            *ABS*:00000000 stm32f4xx_it.cpp
C:\Users\huawei\AppData\Local\Temp\ccEUqgAh.s:21     .text.NMI_Handler:00000000 $t
C:\Users\huawei\AppData\Local\Temp\ccEUqgAh.s:27     .text.NMI_Handler:00000000 NMI_Handler
      .ARM.exidx.text.NMI_Handler:00000000 $d
C:\Users\huawei\AppData\Local\Temp\ccEUqgAh.s:46     .text.HardFault_Handler:00000000 $t
C:\Users\huawei\AppData\Local\Temp\ccEUqgAh.s:52     .text.HardFault_Handler:00000000 HardFault_Handler
.ARM.exidx.text.HardFault_Handler:00000000 $d
C:\Users\huawei\AppData\Local\Temp\ccEUqgAh.s:71     .text.MemManage_Handler:00000000 $t
C:\Users\huawei\AppData\Local\Temp\ccEUqgAh.s:77     .text.MemManage_Handler:00000000 MemManage_Handler
.ARM.exidx.text.MemManage_Handler:00000000 $d
C:\Users\huawei\AppData\Local\Temp\ccEUqgAh.s:96     .text.BusFault_Handler:00000000 $t
C:\Users\huawei\AppData\Local\Temp\ccEUqgAh.s:102    .text.BusFault_Handler:00000000 BusFault_Handler
 .ARM.exidx.text.BusFault_Handler:00000000 $d
C:\Users\huawei\AppData\Local\Temp\ccEUqgAh.s:121    .text.UsageFault_Handler:00000000 $t
C:\Users\huawei\AppData\Local\Temp\ccEUqgAh.s:127    .text.UsageFault_Handler:00000000 UsageFault_Handler
.ARM.exidx.text.UsageFault_Handler:00000000 $d
C:\Users\huawei\AppData\Local\Temp\ccEUqgAh.s:146    .text.SVC_Handler:00000000 $t
C:\Users\huawei\AppData\Local\Temp\ccEUqgAh.s:152    .text.SVC_Handler:00000000 SVC_Handler
      .ARM.exidx.text.SVC_Handler:00000000 $d
C:\Users\huawei\AppData\Local\Temp\ccEUqgAh.s:168    .text.DebugMon_Handler:00000000 $t
C:\Users\huawei\AppData\Local\Temp\ccEUqgAh.s:174    .text.DebugMon_Handler:00000000 DebugMon_Handler
 .ARM.exidx.text.DebugMon_Handler:00000000 $d
C:\Users\huawei\AppData\Local\Temp\ccEUqgAh.s:190    .text.PendSV_Handler:00000000 $t
C:\Users\huawei\AppData\Local\Temp\ccEUqgAh.s:196    .text.PendSV_Handler:00000000 PendSV_Handler
   .ARM.exidx.text.PendSV_Handler:00000000 $d
C:\Users\huawei\AppData\Local\Temp\ccEUqgAh.s:212    .text.SysTick_Handler:00000000 $t
C:\Users\huawei\AppData\Local\Temp\ccEUqgAh.s:218    .text.SysTick_Handler:00000000 SysTick_Handler
  .ARM.extab.text.SysTick_Handler:00000000 $d
  .ARM.exidx.text.SysTick_Handler:00000000 $d
C:\Users\huawei\AppData\Local\Temp\ccEUqgAh.s:242    .text.ADC_IRQHandler:00000000 $t
C:\Users\huawei\AppData\Local\Temp\ccEUqgAh.s:248    .text.ADC_IRQHandler:00000000 ADC_IRQHandler
C:\Users\huawei\AppData\Local\Temp\ccEUqgAh.s:271    .text.ADC_IRQHandler:0000000c $d
   .ARM.extab.text.ADC_IRQHandler:00000000 $d
   .ARM.exidx.text.ADC_IRQHandler:00000000 $d
C:\Users\huawei\AppData\Local\Temp\ccEUqgAh.s:277    .text.DMA2_Stream0_IRQHandler:00000000 $t
C:\Users\huawei\AppData\Local\Temp\ccEUqgAh.s:283    .text.DMA2_Stream0_IRQHandler:00000000 DMA2_Stream0_IRQHandler
C:\Users\huawei\AppData\Local\Temp\ccEUqgAh.s:306    .text.DMA2_Stream0_IRQHandler:0000000c $d
.ARM.extab.text.DMA2_Stream0_IRQHandler:00000000 $d
.ARM.exidx.text.DMA2_Stream0_IRQHandler:00000000 $d

UNDEFINED SYMBOLS
HAL_IncTick
__aeabi_unwind_cpp_pr1
HAL_ADC_IRQHandler
hadc1
HAL_DMA_IRQHandler
hdma_adc1
